<?xml version="1.0" encoding="UTF-8"?>
<!-- Generated by org.testng.reporters.JUnitReportReporter -->
<testsuite hostname="LAPTOP-DE7E5JDU" failures="0" tests="1" name="sample2.p1Test" time="0.000" errors="0" timestamp="2023-05-30T18:04:13 IST" skipped="0">
  <testcase classname="sample2.p1Test" name="p1test" time="0.000"/>
</testsuite> <!-- sample2.p1Test -->
